2026-06-12 17:57:32,960 - INFO - ============================================================
2026-06-12 17:57:32,962 - INFO - ESP32 Voltage Monitor - Git Auto-Sync Starting
2026-06-12 17:57:32,963 - INFO - ============================================================
2026-06-12 17:57:32,963 - INFO - Checking Git configuration...
2026-06-12 17:57:32,998 - INFO - Git version: git version 2.47.0.windows.2
2026-06-12 17:57:33,037 - INFO - Git repository detected
2026-06-12 17:57:33,076 - INFO - Git remote:
origin	https://github.com/ollieadams23/arduino_voltage_monitor.git (fetch)
origin	https://github.com/ollieadams23/arduino_voltage_monitor.git (push)
2026-06-12 17:57:33,077 - INFO - Watching for changes: C:\Users\Ollie\Documents\projects\voltage monitor\service\data\latest.json
2026-06-12 17:57:33,077 - INFO - Debounce time: 10 seconds
2026-06-12 17:57:33,078 - INFO - Log file: C:\Users\Ollie\Documents\projects\voltage monitor\service\data\git_sync.log
2026-06-12 17:57:33,078 - INFO - Press Ctrl+C to stop
2026-06-12 17:57:33,078 - INFO - ============================================================
2026-06-12 17:58:02,880 - INFO - ============================================================
2026-06-12 17:58:02,880 - INFO - ESP32 Voltage Monitor - Git Auto-Sync Starting
2026-06-12 17:58:02,880 - INFO - ============================================================
2026-06-12 17:58:02,880 - INFO - Checking Git configuration...
2026-06-12 17:58:02,917 - INFO - Git version: git version 2.47.0.windows.2
2026-06-12 17:58:02,968 - INFO - Git repository detected
2026-06-12 17:58:03,024 - INFO - Git remote:
origin	https://github.com/ollieadams23/arduino_voltage_monitor.git (fetch)
origin	https://github.com/ollieadams23/arduino_voltage_monitor.git (push)
2026-06-12 17:58:03,024 - INFO - Watching for changes: C:\Users\Ollie\Documents\projects\voltage monitor\service\data\latest.json
2026-06-12 17:58:03,025 - INFO - Debounce time: 10 seconds
2026-06-12 17:58:03,025 - INFO - Log file: C:\Users\Ollie\Documents\projects\voltage monitor\service\data\git_sync.log
2026-06-12 17:58:03,025 - INFO - Press Ctrl+C to stop
2026-06-12 17:58:03,025 - INFO - ============================================================
2026-06-12 17:59:53,541 - INFO - Detected change to latest.json
2026-06-12 17:59:53,593 - INFO - Detected change to latest.json
2026-06-12 17:59:54,138 - INFO - Starting Git sync...
2026-06-12 17:59:54,523 - INFO - Staged data\latest.json
2026-06-12 17:59:56,738 - INFO - Committed (amended): Update voltage data: 13.521V at 2026-06-12 17:59:54
2026-06-12 18:00:00,454 - INFO - Pushed to origin/data-deploy (force)
2026-06-12 18:00:00,454 - INFO - Sync complete - Voltage: 13.521V
2026-06-12 18:07:58,167 - INFO - ============================================================
2026-06-12 18:07:58,168 - INFO - ESP32 Voltage Monitor - Git Auto-Sync Starting
2026-06-12 18:07:58,168 - INFO - ============================================================
2026-06-12 18:07:58,168 - INFO - Checking Git configuration...
2026-06-12 18:07:58,204 - INFO - Git version: git version 2.47.0.windows.2
2026-06-12 18:07:58,243 - INFO - Git repository detected
2026-06-12 18:07:58,285 - INFO - Git remote:
origin	https://github.com/ollieadams23/arduino_voltage_monitor.git (fetch)
origin	https://github.com/ollieadams23/arduino_voltage_monitor.git (push)
2026-06-12 18:07:58,285 - INFO - Watching for changes: C:\Users\Ollie\Documents\projects\voltage monitor\service\data\latest.json
2026-06-12 18:07:58,285 - INFO - Debounce time: 10 seconds
2026-06-12 18:07:58,286 - INFO - Log file: C:\Users\Ollie\Documents\projects\voltage monitor\service\data\git_sync.log
2026-06-12 18:07:58,286 - INFO - Press Ctrl+C to stop
2026-06-12 18:07:58,286 - INFO - ============================================================
