2026-06-12 17:57:28,065 - INFO - ============================================================
2026-06-12 17:57:28,068 - INFO - ESP32 Voltage Monitor - PC Receiver Starting
2026-06-12 17:57:28,069 - INFO - ============================================================
2026-06-12 17:57:28,069 - INFO - Server listening on http://0.0.0.0:52501
2026-06-12 17:57:28,069 - INFO - ESP32 must be configured with the PC's manual IP address
2026-06-12 17:57:28,069 - INFO - Data directory: C:\Users\Ollie\Documents\projects\voltage monitor\service\data
2026-06-12 17:57:28,070 - INFO - Latest file: C:\Users\Ollie\Documents\projects\voltage monitor\service\data\latest.json
2026-06-12 17:57:28,070 - INFO - History file: C:\Users\Ollie\Documents\projects\voltage monitor\service\data\history.jsonl
2026-06-12 17:57:28,071 - INFO - Log file: C:\Users\Ollie\Documents\projects\voltage monitor\service\data\receiver.log
2026-06-12 17:57:28,071 - INFO - Press Ctrl+C to stop
2026-06-12 17:57:28,071 - INFO - ============================================================
2026-06-12 17:57:57,846 - INFO - ============================================================
2026-06-12 17:57:57,847 - INFO - ESP32 Voltage Monitor - PC Receiver Starting
2026-06-12 17:57:57,847 - INFO - ============================================================
2026-06-12 17:57:57,847 - INFO - Server listening on http://0.0.0.0:52501
2026-06-12 17:57:57,848 - INFO - ESP32 must be configured with the PC's manual IP address
2026-06-12 17:57:57,848 - INFO - Data directory: C:\Users\Ollie\Documents\projects\voltage monitor\service\data
2026-06-12 17:57:57,848 - INFO - Latest file: C:\Users\Ollie\Documents\projects\voltage monitor\service\data\latest.json
2026-06-12 17:57:57,848 - INFO - History file: C:\Users\Ollie\Documents\projects\voltage monitor\service\data\history.jsonl
2026-06-12 17:57:57,849 - INFO - Log file: C:\Users\Ollie\Documents\projects\voltage monitor\service\data\receiver.log
2026-06-12 17:57:57,849 - INFO - Press Ctrl+C to stop
2026-06-12 17:57:57,849 - INFO - ============================================================
2026-06-12 17:59:53,555 - INFO - Updated C:\Users\Ollie\Documents\projects\voltage monitor\service\data\latest.json - Voltage: 13.521V
2026-06-12 17:59:53,740 - INFO - 192.168.1.93 - "POST / HTTP/1.1" 200 -
