2026-06-04 16:08:12,665 - INFO - ============================================================
2026-06-04 16:08:12,665 - INFO - ESP32 Voltage Monitor - Git Auto-Sync Starting
2026-06-04 16:08:12,665 - INFO - ============================================================
2026-06-04 16:08:12,666 - INFO - Checking Git configuration...
2026-06-04 16:08:12,714 - INFO - Git version: git version 2.47.0.windows.2
2026-06-04 16:08:12,783 - INFO - Git repository detected
2026-06-04 16:08:12,999 - INFO - Git remote:
origin	https://github.com/ollieadams23/arduino_voltage_monitor.git (fetch)
origin	https://github.com/ollieadams23/arduino_voltage_monitor.git (push)
2026-06-04 16:08:12,999 - INFO - Watching for changes: C:\Users\Ollie\Documents\projects\voltage monitor\data\latest.json
2026-06-04 16:08:13,000 - INFO - Debounce time: 10 seconds
2026-06-04 16:08:13,000 - INFO - Log file: C:\Users\Ollie\Documents\projects\voltage monitor\data\git_sync.log
2026-06-04 16:08:13,001 - INFO - Press Ctrl+C to stop
2026-06-04 16:08:13,001 - INFO - ============================================================
2026-06-04 16:09:51,978 - INFO - Detected change to latest.json
2026-06-04 16:09:51,984 - INFO - Detected change to latest.json
2026-06-04 16:09:52,068 - INFO - Starting Git sync...
2026-06-04 16:09:52,135 - INFO - No changes to commit
2026-06-04 16:10:10,011 - INFO - Detected change to latest.json
2026-06-04 16:10:10,024 - INFO - Detected change to latest.json
2026-06-04 16:10:10,153 - INFO - Starting Git sync...
2026-06-04 16:10:10,402 - INFO - No changes to commit
2026-06-04 16:11:09,812 - INFO - Detected change to latest.json
2026-06-04 16:11:09,819 - INFO - Detected change to latest.json
2026-06-04 16:11:10,449 - INFO - Starting Git sync...
2026-06-04 16:11:10,504 - INFO - No changes to commit
2026-06-04 16:12:09,976 - INFO - Detected change to latest.json
2026-06-04 16:12:09,983 - INFO - Detected change to latest.json
2026-06-04 16:12:10,566 - INFO - Starting Git sync...
2026-06-04 16:12:10,616 - INFO - No changes to commit
2026-06-04 16:13:09,748 - INFO - Detected change to latest.json
2026-06-04 16:13:09,754 - INFO - Detected change to latest.json
2026-06-04 16:13:10,652 - INFO - Starting Git sync...
2026-06-04 16:13:10,722 - INFO - No changes to commit
2026-06-04 16:14:09,756 - INFO - Detected change to latest.json
2026-06-04 16:14:09,764 - INFO - Detected change to latest.json
2026-06-04 16:14:10,753 - INFO - Starting Git sync...
2026-06-04 16:14:10,810 - INFO - No changes to commit
2026-06-04 16:15:10,056 - INFO - Detected change to latest.json
2026-06-04 16:15:10,063 - INFO - Detected change to latest.json
2026-06-04 16:15:10,844 - INFO - Starting Git sync...
2026-06-04 16:15:10,894 - INFO - No changes to commit
2026-06-04 16:16:09,810 - INFO - Detected change to latest.json
2026-06-04 16:16:09,817 - INFO - Detected change to latest.json
2026-06-04 16:16:09,923 - INFO - Starting Git sync...
2026-06-04 16:16:09,982 - INFO - No changes to commit
2026-06-04 16:17:09,762 - INFO - Detected change to latest.json
2026-06-04 16:17:09,768 - INFO - Detected change to latest.json
2026-06-04 16:17:10,024 - INFO - Starting Git sync...
2026-06-04 16:17:10,068 - INFO - No changes to commit
2026-06-04 16:18:09,771 - INFO - Detected change to latest.json
2026-06-04 16:18:09,778 - INFO - Detected change to latest.json
2026-06-04 16:18:10,102 - INFO - Starting Git sync...
2026-06-04 16:18:10,146 - INFO - No changes to commit
2026-06-04 16:19:09,843 - INFO - Detected change to latest.json
2026-06-04 16:19:09,850 - INFO - Detected change to latest.json
2026-06-04 16:19:10,179 - INFO - Starting Git sync...
2026-06-04 16:19:10,227 - INFO - No changes to commit
2026-06-04 16:20:09,846 - INFO - Detected change to latest.json
2026-06-04 16:20:09,853 - INFO - Detected change to latest.json
2026-06-04 16:20:10,298 - INFO - Starting Git sync...
2026-06-04 16:20:10,346 - INFO - No changes to commit
2026-06-04 16:21:09,793 - INFO - Detected change to latest.json
2026-06-04 16:21:09,800 - INFO - Detected change to latest.json
2026-06-04 16:21:10,376 - INFO - Starting Git sync...
2026-06-04 16:21:10,426 - INFO - No changes to commit
2026-06-04 16:22:10,354 - INFO - Detected change to latest.json
2026-06-04 16:22:10,366 - INFO - Detected change to latest.json
2026-06-04 16:22:10,457 - INFO - Starting Git sync...
2026-06-04 16:22:10,511 - INFO - No changes to commit
2026-06-04 16:23:09,953 - INFO - Detected change to latest.json
2026-06-04 16:23:09,961 - INFO - Detected change to latest.json
2026-06-04 16:23:10,558 - INFO - Starting Git sync...
2026-06-04 16:23:10,614 - INFO - No changes to commit
2026-06-04 16:24:09,977 - INFO - Detected change to latest.json
2026-06-04 16:24:09,984 - INFO - Detected change to latest.json
2026-06-04 16:24:10,645 - INFO - Starting Git sync...
2026-06-04 16:24:10,697 - INFO - No changes to commit
2026-06-04 16:25:11,206 - INFO - Detected change to latest.json
2026-06-04 16:25:11,213 - INFO - Detected change to latest.json
2026-06-04 16:25:11,744 - INFO - Starting Git sync...
2026-06-04 16:25:11,793 - INFO - No changes to commit
2026-06-04 16:26:10,981 - INFO - Detected change to latest.json
2026-06-04 16:26:10,988 - INFO - Detected change to latest.json
2026-06-04 16:26:11,825 - INFO - Starting Git sync...
2026-06-04 16:26:11,879 - INFO - No changes to commit
2026-06-04 16:27:10,957 - INFO - Detected change to latest.json
2026-06-04 16:27:10,964 - INFO - Detected change to latest.json
2026-06-04 16:27:11,911 - INFO - Starting Git sync...
2026-06-04 16:27:11,962 - INFO - No changes to commit
2026-06-04 16:28:10,954 - INFO - Detected change to latest.json
2026-06-04 16:28:10,962 - INFO - Detected change to latest.json
2026-06-04 16:28:11,009 - INFO - Starting Git sync...
2026-06-04 16:28:11,065 - INFO - No changes to commit
2026-06-04 16:29:10,960 - INFO - Detected change to latest.json
2026-06-04 16:29:10,967 - INFO - Detected change to latest.json
2026-06-04 16:29:11,097 - INFO - Starting Git sync...
2026-06-04 16:29:11,148 - INFO - No changes to commit
2026-06-04 16:30:10,950 - INFO - Detected change to latest.json
2026-06-04 16:30:10,957 - INFO - Detected change to latest.json
2026-06-04 16:30:11,179 - INFO - Starting Git sync...
2026-06-04 16:30:11,225 - INFO - No changes to commit
2026-06-04 16:31:11,212 - INFO - Detected change to latest.json
2026-06-04 16:31:11,219 - INFO - Detected change to latest.json
2026-06-04 16:31:11,263 - INFO - Starting Git sync...
2026-06-04 16:31:11,322 - INFO - No changes to commit
2026-06-04 16:32:11,838 - INFO - Detected change to latest.json
2026-06-04 16:32:11,845 - INFO - Detected change to latest.json
2026-06-04 16:32:12,355 - INFO - Starting Git sync...
2026-06-04 16:32:12,410 - INFO - No changes to commit
2026-06-04 16:33:11,469 - INFO - Detected change to latest.json
2026-06-04 16:33:11,476 - INFO - Detected change to latest.json
2026-06-04 16:33:12,441 - INFO - Starting Git sync...
2026-06-04 16:33:12,496 - INFO - No changes to commit
2026-06-04 16:34:11,405 - INFO - Detected change to latest.json
2026-06-04 16:34:11,412 - INFO - Detected change to latest.json
2026-06-04 16:34:11,528 - INFO - Starting Git sync...
2026-06-04 16:34:11,586 - INFO - No changes to commit
2026-06-04 16:35:11,425 - INFO - Detected change to latest.json
2026-06-04 16:35:11,432 - INFO - Detected change to latest.json
2026-06-04 16:35:11,612 - INFO - Starting Git sync...
2026-06-04 16:35:11,711 - INFO - No changes to commit
2026-06-04 16:36:11,400 - INFO - Detected change to latest.json
2026-06-04 16:36:11,406 - INFO - Detected change to latest.json
2026-06-04 16:36:11,742 - INFO - Starting Git sync...
2026-06-04 16:36:11,790 - INFO - No changes to commit
2026-06-04 16:37:11,445 - INFO - Detected change to latest.json
2026-06-04 16:37:11,451 - INFO - Detected change to latest.json
2026-06-04 16:37:11,820 - INFO - Starting Git sync...
2026-06-04 16:37:11,870 - INFO - No changes to commit
2026-06-04 16:38:11,401 - INFO - Detected change to latest.json
2026-06-04 16:38:11,409 - INFO - Detected change to latest.json
2026-06-04 16:38:11,903 - INFO - Starting Git sync...
2026-06-04 16:38:11,959 - INFO - No changes to commit
2026-06-04 16:39:11,397 - INFO - Detected change to latest.json
2026-06-04 16:39:11,404 - INFO - Detected change to latest.json
2026-06-04 16:39:11,999 - INFO - Starting Git sync...
2026-06-04 16:39:12,086 - INFO - No changes to commit
2026-06-04 16:40:11,389 - INFO - Detected change to latest.json
2026-06-04 16:40:11,396 - INFO - Detected change to latest.json
2026-06-04 16:40:12,120 - INFO - Starting Git sync...
2026-06-04 16:40:12,162 - INFO - No changes to commit
2026-06-04 16:41:11,397 - INFO - Detected change to latest.json
2026-06-04 16:41:11,403 - INFO - Detected change to latest.json
2026-06-04 16:41:12,191 - INFO - Starting Git sync...
2026-06-04 16:41:12,237 - INFO - No changes to commit
2026-06-04 16:42:11,928 - INFO - Detected change to latest.json
2026-06-04 16:42:11,934 - INFO - Detected change to latest.json
2026-06-04 16:42:12,265 - INFO - Starting Git sync...
2026-06-04 16:42:12,311 - INFO - No changes to commit
2026-06-04 16:43:11,424 - INFO - Detected change to latest.json
2026-06-04 16:43:11,430 - INFO - Detected change to latest.json
2026-06-04 16:43:12,347 - INFO - Starting Git sync...
2026-06-04 16:43:12,393 - INFO - No changes to commit
2026-06-04 16:44:11,390 - INFO - Detected change to latest.json
2026-06-04 16:44:11,397 - INFO - Detected change to latest.json
2026-06-04 16:44:11,424 - INFO - Starting Git sync...
2026-06-04 16:44:11,473 - INFO - No changes to commit
2026-06-04 16:45:11,375 - INFO - Detected change to latest.json
2026-06-04 16:45:11,381 - INFO - Detected change to latest.json
2026-06-04 16:45:11,506 - INFO - Starting Git sync...
2026-06-04 16:45:11,549 - INFO - No changes to commit
2026-06-04 16:46:11,424 - INFO - Detected change to latest.json
2026-06-04 16:46:11,431 - INFO - Detected change to latest.json
2026-06-04 16:46:11,581 - INFO - Starting Git sync...
2026-06-04 16:46:11,623 - INFO - No changes to commit
2026-06-04 16:47:11,555 - INFO - Detected change to latest.json
2026-06-04 16:47:11,562 - INFO - Detected change to latest.json
2026-06-04 16:47:11,660 - INFO - Starting Git sync...
2026-06-04 16:47:11,705 - INFO - No changes to commit
2026-06-04 16:48:11,564 - INFO - Detected change to latest.json
2026-06-04 16:48:11,571 - INFO - Detected change to latest.json
2026-06-04 16:48:11,734 - INFO - Starting Git sync...
2026-06-04 16:48:11,779 - INFO - No changes to commit
2026-06-04 16:49:11,358 - INFO - Detected change to latest.json
2026-06-04 16:49:11,364 - INFO - Detected change to latest.json
2026-06-04 16:49:11,808 - INFO - Starting Git sync...
2026-06-04 16:49:11,850 - INFO - No changes to commit
2026-06-04 16:50:11,353 - INFO - Detected change to latest.json
2026-06-04 16:50:11,359 - INFO - Detected change to latest.json
2026-06-04 16:50:11,878 - INFO - Starting Git sync...
2026-06-04 16:50:11,921 - INFO - No changes to commit
2026-06-04 16:51:11,402 - INFO - Detected change to latest.json
2026-06-04 16:51:11,409 - INFO - Detected change to latest.json
2026-06-04 16:51:11,949 - INFO - Starting Git sync...
2026-06-04 16:51:12,039 - INFO - No changes to commit
2026-06-04 16:52:11,705 - INFO - Detected change to latest.json
2026-06-04 16:52:11,711 - INFO - Detected change to latest.json
2026-06-04 16:52:12,068 - INFO - Starting Git sync...
2026-06-04 16:52:12,112 - INFO - No changes to commit
2026-06-04 16:53:11,606 - INFO - Detected change to latest.json
2026-06-04 16:53:11,612 - INFO - Detected change to latest.json
2026-06-04 16:53:12,144 - INFO - Starting Git sync...
2026-06-04 16:53:12,189 - INFO - No changes to commit
2026-06-04 16:54:11,344 - INFO - Detected change to latest.json
2026-06-04 16:54:11,351 - INFO - Detected change to latest.json
2026-06-04 16:54:12,221 - INFO - Starting Git sync...
2026-06-04 16:54:12,266 - INFO - No changes to commit
2026-06-04 16:55:11,355 - INFO - Detected change to latest.json
2026-06-04 16:55:11,362 - INFO - Detected change to latest.json
2026-06-04 16:55:12,305 - INFO - Starting Git sync...
2026-06-04 16:55:12,351 - INFO - No changes to commit
2026-06-04 16:56:11,351 - INFO - Detected change to latest.json
2026-06-04 16:56:11,358 - INFO - Detected change to latest.json
2026-06-04 16:56:11,389 - INFO - Starting Git sync...
2026-06-04 16:56:11,435 - INFO - No changes to commit
2026-06-04 16:57:11,340 - INFO - Detected change to latest.json
2026-06-04 16:57:11,347 - INFO - Detected change to latest.json
2026-06-04 16:57:11,467 - INFO - Starting Git sync...
2026-06-04 16:57:11,514 - INFO - No changes to commit
2026-06-04 16:58:11,546 - INFO - Detected change to latest.json
2026-06-04 16:58:11,552 - INFO - Detected change to latest.json
2026-06-04 16:58:12,546 - INFO - Starting Git sync...
2026-06-04 16:58:12,594 - INFO - No changes to commit
2026-06-04 16:59:11,584 - INFO - Detected change to latest.json
2026-06-04 16:59:11,590 - INFO - Detected change to latest.json
2026-06-04 16:59:11,622 - INFO - Starting Git sync...
2026-06-04 16:59:11,667 - INFO - No changes to commit
2026-06-04 17:00:11,530 - INFO - Detected change to latest.json
2026-06-04 17:00:11,536 - INFO - Detected change to latest.json
2026-06-04 17:00:11,699 - INFO - Starting Git sync...
2026-06-04 17:00:11,741 - INFO - No changes to commit
2026-06-04 17:01:11,527 - INFO - Detected change to latest.json
2026-06-04 17:01:11,532 - INFO - Detected change to latest.json
2026-06-04 17:01:11,771 - INFO - Starting Git sync...
2026-06-04 17:01:11,870 - INFO - No changes to commit
2026-06-04 17:02:11,609 - INFO - Detected change to latest.json
2026-06-04 17:02:11,616 - INFO - Detected change to latest.json
2026-06-04 17:02:11,904 - INFO - Starting Git sync...
2026-06-04 17:02:11,948 - INFO - No changes to commit
2026-06-04 17:03:11,531 - INFO - Detected change to latest.json
2026-06-04 17:03:11,537 - INFO - Detected change to latest.json
2026-06-04 17:03:11,983 - INFO - Starting Git sync...
2026-06-04 17:03:12,027 - INFO - No changes to commit
2026-06-04 17:04:11,551 - INFO - Detected change to latest.json
2026-06-04 17:04:11,557 - INFO - Detected change to latest.json
2026-06-04 17:04:12,058 - INFO - Starting Git sync...
2026-06-04 17:04:12,106 - INFO - No changes to commit
2026-06-04 17:05:11,700 - INFO - Detected change to latest.json
2026-06-04 17:05:11,706 - INFO - Detected change to latest.json
2026-06-04 17:05:12,132 - INFO - Starting Git sync...
2026-06-04 17:05:12,222 - INFO - No changes to commit
2026-06-04 17:06:11,750 - INFO - Detected change to latest.json
2026-06-04 17:06:11,756 - INFO - Detected change to latest.json
2026-06-04 17:06:12,252 - INFO - Starting Git sync...
2026-06-04 17:06:12,295 - INFO - No changes to commit
2026-06-04 17:07:11,694 - INFO - Detected change to latest.json
2026-06-04 17:07:11,702 - INFO - Detected change to latest.json
2026-06-04 17:07:12,356 - INFO - Starting Git sync...
2026-06-04 17:07:12,397 - INFO - No changes to commit
2026-06-04 17:08:11,695 - INFO - Detected change to latest.json
2026-06-04 17:08:11,701 - INFO - Detected change to latest.json
2026-06-04 17:08:12,426 - INFO - Starting Git sync...
2026-06-04 17:08:12,470 - INFO - No changes to commit
2026-06-04 17:09:11,692 - INFO - Detected change to latest.json
2026-06-04 17:09:11,699 - INFO - Detected change to latest.json
2026-06-04 17:09:12,501 - INFO - Starting Git sync...
2026-06-04 17:09:12,598 - INFO - No changes to commit
2026-06-04 17:10:11,684 - INFO - Detected change to latest.json
2026-06-04 17:10:11,690 - INFO - Detected change to latest.json
2026-06-04 17:10:12,627 - INFO - Starting Git sync...
2026-06-04 17:10:12,673 - INFO - No changes to commit
2026-06-04 17:11:11,681 - INFO - Detected change to latest.json
2026-06-04 17:11:11,687 - INFO - Detected change to latest.json
2026-06-04 17:11:11,705 - INFO - Starting Git sync...
2026-06-04 17:11:11,754 - INFO - No changes to commit
2026-06-04 17:12:12,040 - INFO - Detected change to latest.json
2026-06-04 17:12:12,046 - INFO - Detected change to latest.json
2026-06-04 17:12:12,788 - INFO - Starting Git sync...
2026-06-04 17:12:12,832 - INFO - No changes to commit
2026-06-04 17:13:11,679 - INFO - Detected change to latest.json
2026-06-04 17:13:11,687 - INFO - Detected change to latest.json
2026-06-04 17:13:11,873 - INFO - Starting Git sync...
2026-06-04 17:13:11,924 - INFO - No changes to commit
2026-06-04 17:14:11,673 - INFO - Detected change to latest.json
2026-06-04 17:14:11,681 - INFO - Detected change to latest.json
2026-06-04 17:14:11,956 - INFO - Starting Git sync...
2026-06-04 17:14:12,003 - INFO - No changes to commit
2026-06-04 17:15:11,671 - INFO - Detected change to latest.json
2026-06-04 17:15:11,678 - INFO - Detected change to latest.json
2026-06-04 17:15:12,037 - INFO - Starting Git sync...
2026-06-04 17:15:12,090 - INFO - No changes to commit
2026-06-04 17:16:11,709 - INFO - Detected change to latest.json
2026-06-04 17:16:11,715 - INFO - Detected change to latest.json
2026-06-04 17:16:12,123 - INFO - Starting Git sync...
2026-06-04 17:16:12,167 - INFO - No changes to commit
2026-06-04 17:17:11,710 - INFO - Detected change to latest.json
2026-06-04 17:17:11,717 - INFO - Detected change to latest.json
2026-06-04 17:17:12,199 - INFO - Starting Git sync...
2026-06-04 17:17:12,242 - INFO - No changes to commit
2026-06-04 17:18:11,662 - INFO - Detected change to latest.json
2026-06-04 17:18:11,668 - INFO - Detected change to latest.json
2026-06-04 17:18:12,271 - INFO - Starting Git sync...
2026-06-04 17:18:12,319 - INFO - No changes to commit
2026-06-04 17:19:11,656 - INFO - Detected change to latest.json
2026-06-04 17:19:11,664 - INFO - Detected change to latest.json
2026-06-04 17:19:12,352 - INFO - Starting Git sync...
2026-06-04 17:19:12,441 - INFO - No changes to commit
2026-06-04 17:20:11,723 - INFO - Detected change to latest.json
2026-06-04 17:20:11,730 - INFO - Detected change to latest.json
2026-06-04 17:20:12,471 - INFO - Starting Git sync...
2026-06-04 17:20:12,565 - INFO - No changes to commit
2026-06-04 17:21:11,685 - INFO - Detected change to latest.json
2026-06-04 17:21:11,690 - INFO - Detected change to latest.json
2026-06-04 17:21:12,623 - INFO - Starting Git sync...
2026-06-04 17:21:12,671 - INFO - No changes to commit
2026-06-04 17:22:12,171 - INFO - Detected change to latest.json
2026-06-04 17:22:12,177 - INFO - Detected change to latest.json
2026-06-04 17:22:12,702 - INFO - Starting Git sync...
2026-06-04 17:22:12,750 - INFO - No changes to commit
2026-06-04 17:23:12,718 - INFO - Detected change to latest.json
2026-06-04 17:23:12,724 - INFO - Detected change to latest.json
2026-06-04 17:23:12,782 - INFO - Starting Git sync...
2026-06-04 17:23:12,829 - INFO - No changes to commit
2026-06-04 17:24:12,747 - INFO - Detected change to latest.json
2026-06-04 17:24:12,753 - INFO - Detected change to latest.json
2026-06-04 17:24:12,861 - INFO - Starting Git sync...
2026-06-04 17:24:12,966 - INFO - No changes to commit
2026-06-04 17:25:12,771 - INFO - Detected change to latest.json
2026-06-04 17:25:12,777 - INFO - Detected change to latest.json
2026-06-04 17:25:12,998 - INFO - Starting Git sync...
2026-06-04 17:25:13,041 - INFO - No changes to commit
2026-06-04 17:26:12,720 - INFO - Detected change to latest.json
2026-06-04 17:26:12,727 - INFO - Detected change to latest.json
2026-06-04 17:26:13,076 - INFO - Starting Git sync...
2026-06-04 17:26:13,192 - INFO - No changes to commit
2026-06-04 17:27:12,718 - INFO - Detected change to latest.json
2026-06-04 17:27:12,724 - INFO - Detected change to latest.json
2026-06-04 17:27:13,224 - INFO - Starting Git sync...
2026-06-04 17:27:13,321 - INFO - No changes to commit
2026-06-04 17:28:12,748 - INFO - Detected change to latest.json
2026-06-04 17:28:12,754 - INFO - Detected change to latest.json
2026-06-04 17:28:13,353 - INFO - Starting Git sync...
2026-06-04 17:28:13,452 - INFO - No changes to commit
2026-06-04 17:29:12,762 - INFO - Detected change to latest.json
2026-06-04 17:29:12,769 - INFO - Detected change to latest.json
2026-06-04 17:29:13,489 - INFO - Starting Git sync...
2026-06-04 17:29:13,535 - INFO - No changes to commit
2026-06-04 17:30:12,698 - INFO - Detected change to latest.json
2026-06-04 17:30:12,704 - INFO - Detected change to latest.json
2026-06-04 17:30:13,565 - INFO - Starting Git sync...
2026-06-04 17:30:13,610 - INFO - No changes to commit
2026-06-04 17:31:12,754 - INFO - Detected change to latest.json
2026-06-04 17:31:12,760 - INFO - Detected change to latest.json
2026-06-04 17:31:13,642 - INFO - Starting Git sync...
2026-06-04 17:31:13,688 - INFO - No changes to commit
2026-06-04 17:32:12,973 - INFO - Detected change to latest.json
2026-06-04 17:32:12,979 - INFO - Detected change to latest.json
2026-06-04 17:32:13,719 - INFO - Starting Git sync...
2026-06-04 17:32:13,760 - INFO - No changes to commit
2026-06-04 17:33:12,703 - INFO - Detected change to latest.json
2026-06-04 17:33:12,710 - INFO - Detected change to latest.json
2026-06-04 17:33:12,789 - INFO - Starting Git sync...
2026-06-04 17:33:12,835 - INFO - No changes to commit
2026-06-04 17:34:12,688 - INFO - Detected change to latest.json
2026-06-04 17:34:12,695 - INFO - Detected change to latest.json
2026-06-04 17:34:12,867 - INFO - Starting Git sync...
2026-06-04 17:34:12,911 - INFO - No changes to commit
2026-06-04 17:35:12,728 - INFO - Detected change to latest.json
2026-06-04 17:35:12,734 - INFO - Detected change to latest.json
2026-06-04 17:35:12,943 - INFO - Starting Git sync...
2026-06-04 17:35:12,985 - INFO - No changes to commit
2026-06-04 17:36:12,679 - INFO - Detected change to latest.json
2026-06-04 17:36:12,685 - INFO - Detected change to latest.json
2026-06-04 17:36:13,019 - INFO - Starting Git sync...
2026-06-04 17:36:13,074 - INFO - No changes to commit
2026-06-04 17:37:12,684 - INFO - Detected change to latest.json
2026-06-04 17:37:12,690 - INFO - Detected change to latest.json
2026-06-04 17:37:13,110 - INFO - Starting Git sync...
2026-06-04 17:37:13,195 - INFO - No changes to commit
2026-06-04 17:38:12,673 - INFO - Detected change to latest.json
2026-06-04 17:38:12,680 - INFO - Detected change to latest.json
2026-06-04 17:38:13,226 - INFO - Starting Git sync...
2026-06-04 17:38:13,311 - INFO - No changes to commit
2026-06-04 17:39:12,888 - INFO - Detected change to latest.json
2026-06-04 17:39:12,894 - INFO - Detected change to latest.json
2026-06-04 17:39:13,342 - INFO - Starting Git sync...
2026-06-04 17:39:13,386 - INFO - No changes to commit
2026-06-04 17:40:12,664 - INFO - Detected change to latest.json
2026-06-04 17:40:12,670 - INFO - Detected change to latest.json
2026-06-04 17:40:13,420 - INFO - Starting Git sync...
2026-06-04 17:40:13,463 - INFO - No changes to commit
2026-06-04 17:41:12,663 - INFO - Detected change to latest.json
2026-06-04 17:41:12,670 - INFO - Detected change to latest.json
2026-06-04 17:41:13,494 - INFO - Starting Git sync...
2026-06-04 17:41:13,540 - INFO - No changes to commit
2026-06-04 17:42:13,269 - INFO - Detected change to latest.json
2026-06-04 17:42:13,275 - INFO - Detected change to latest.json
2026-06-04 17:42:13,569 - INFO - Starting Git sync...
2026-06-04 17:42:13,626 - INFO - No changes to commit
2026-06-04 17:43:12,726 - INFO - Detected change to latest.json
2026-06-04 17:43:12,732 - INFO - Detected change to latest.json
2026-06-04 17:43:13,653 - INFO - Starting Git sync...
2026-06-04 17:43:13,700 - INFO - No changes to commit
2026-06-04 17:44:12,681 - INFO - Detected change to latest.json
2026-06-04 17:44:12,688 - INFO - Detected change to latest.json
2026-06-04 17:44:12,727 - INFO - Starting Git sync...
2026-06-04 17:44:12,771 - INFO - No changes to commit
2026-06-04 17:45:12,710 - INFO - Detected change to latest.json
2026-06-04 17:45:12,716 - INFO - Detected change to latest.json
2026-06-04 17:45:12,805 - INFO - Starting Git sync...
2026-06-04 17:45:12,849 - INFO - No changes to commit
2026-06-04 17:46:12,742 - INFO - Detected change to latest.json
2026-06-04 17:46:12,748 - INFO - Detected change to latest.json
2026-06-04 17:46:12,881 - INFO - Starting Git sync...
2026-06-04 17:46:12,986 - INFO - No changes to commit
2026-06-04 17:47:12,708 - INFO - Detected change to latest.json
2026-06-04 17:47:12,715 - INFO - Detected change to latest.json
2026-06-04 17:47:13,059 - INFO - Starting Git sync...
2026-06-04 17:47:13,113 - INFO - No changes to commit
2026-06-04 17:48:12,771 - INFO - Detected change to latest.json
2026-06-04 17:48:12,780 - INFO - Detected change to latest.json
2026-06-04 17:48:13,185 - INFO - Starting Git sync...
2026-06-04 17:48:13,278 - INFO - No changes to commit
2026-06-04 17:49:14,194 - INFO - Detected change to latest.json
2026-06-04 17:49:14,201 - INFO - Detected change to latest.json
2026-06-04 17:49:14,660 - INFO - Starting Git sync...
2026-06-04 17:49:14,716 - INFO - No changes to commit
2026-06-04 18:14:15,300 - INFO - 
Shutting down Git sync...
2026-06-04 18:14:15,301 - INFO - Git sync stopped
2026-06-04 18:15:08,682 - INFO - ============================================================
2026-06-04 18:15:08,683 - INFO - ESP32 Voltage Monitor - Git Auto-Sync Starting
2026-06-04 18:15:08,683 - INFO - ============================================================
2026-06-04 18:15:08,683 - INFO - Checking Git configuration...
2026-06-04 18:15:08,722 - INFO - Git version: git version 2.47.0.windows.2
2026-06-04 18:15:08,768 - INFO - Git repository detected
2026-06-04 18:15:08,813 - INFO - Git remote:
origin	https://github.com/ollieadams23/arduino_voltage_monitor.git (fetch)
origin	https://github.com/ollieadams23/arduino_voltage_monitor.git (push)
2026-06-04 18:15:08,814 - INFO - Watching for changes: C:\Users\Ollie\Documents\projects\voltage monitor\data\latest.json
2026-06-04 18:15:08,814 - INFO - Debounce time: 10 seconds
2026-06-04 18:15:08,814 - INFO - Log file: C:\Users\Ollie\Documents\projects\voltage monitor\data\git_sync.log
2026-06-04 18:15:08,815 - INFO - Press Ctrl+C to stop
2026-06-04 18:15:08,815 - INFO - ============================================================
2026-06-04 20:39:03,315 - INFO - Detected change to latest.json
2026-06-04 20:39:03,323 - INFO - Detected change to latest.json
2026-06-04 20:39:03,636 - INFO - Starting Git sync...
2026-06-04 20:39:03,747 - INFO - No changes to commit
2026-06-04 20:40:03,562 - INFO - Detected change to latest.json
2026-06-04 20:40:03,569 - INFO - Detected change to latest.json
2026-06-04 20:40:03,803 - INFO - Starting Git sync...
2026-06-04 20:40:03,870 - INFO - No changes to commit
2026-06-04 20:41:03,744 - INFO - Detected change to latest.json
2026-06-04 20:41:03,751 - INFO - Detected change to latest.json
2026-06-04 20:41:03,900 - INFO - Starting Git sync...
2026-06-04 20:41:04,031 - INFO - No changes to commit
2026-06-04 20:42:04,495 - INFO - Detected change to latest.json
2026-06-04 20:42:04,502 - INFO - Detected change to latest.json
2026-06-04 20:42:05,068 - INFO - Starting Git sync...
2026-06-04 20:42:05,118 - INFO - No changes to commit
2026-06-04 20:43:03,736 - INFO - Detected change to latest.json
2026-06-04 20:43:03,743 - INFO - Detected change to latest.json
2026-06-04 20:43:04,147 - INFO - Starting Git sync...
2026-06-04 20:43:04,251 - INFO - No changes to commit
2026-06-04 20:44:03,726 - INFO - Detected change to latest.json
2026-06-04 20:44:03,732 - INFO - Detected change to latest.json
2026-06-04 20:44:04,285 - INFO - Starting Git sync...
2026-06-04 20:44:04,335 - INFO - No changes to commit
2026-06-04 20:45:03,686 - INFO - Detected change to latest.json
2026-06-04 20:45:03,693 - INFO - Detected change to latest.json
2026-06-04 20:45:04,367 - INFO - Starting Git sync...
2026-06-04 20:45:04,418 - INFO - No changes to commit
2026-06-04 20:46:04,100 - INFO - Detected change to latest.json
2026-06-04 20:46:04,106 - INFO - Detected change to latest.json
2026-06-04 20:46:04,474 - INFO - Starting Git sync...
2026-06-04 20:46:04,524 - INFO - No changes to commit
2026-06-04 20:46:46,149 - INFO - Detected change to latest.json
2026-06-04 20:46:46,160 - INFO - Detected change to latest.json
2026-06-04 20:46:46,551 - INFO - Starting Git sync...
2026-06-04 20:46:46,688 - INFO - Staged data/latest.json
2026-06-04 20:46:46,819 - INFO - Committed: Update voltage data: 3.834V at 2026-06-04 20:46:46
2026-06-04 20:46:49,845 - INFO - Pushed to remote repository
2026-06-04 20:47:04,088 - INFO - Detected change to latest.json
2026-06-04 20:47:04,103 - INFO - Detected change to latest.json
2026-06-04 20:47:04,895 - INFO - Starting Git sync...
2026-06-04 20:47:05,055 - INFO - Staged data/latest.json
2026-06-04 20:47:05,187 - INFO - Committed: Update voltage data: 3.834V at 2026-06-04 20:47:04
2026-06-04 20:47:08,074 - INFO - Pushed to remote repository
2026-06-04 20:48:04,261 - INFO - Detected change to latest.json
2026-06-04 20:48:04,269 - INFO - Detected change to latest.json
2026-06-04 20:48:04,280 - INFO - Starting Git sync...
2026-06-04 20:48:04,469 - INFO - Staged data/latest.json
2026-06-04 20:48:04,614 - INFO - Committed: Update voltage data: 3.817V at 2026-06-04 20:48:04
2026-06-04 20:48:08,518 - INFO - Pushed to remote repository
2026-06-04 20:48:30,767 - INFO - 
Shutting down Git sync...
2026-06-04 20:48:30,768 - INFO - Git sync stopped
2026-06-04 20:48:35,873 - INFO - ============================================================
2026-06-04 20:48:35,873 - INFO - ESP32 Voltage Monitor - Git Auto-Sync Starting
2026-06-04 20:48:35,874 - INFO - ============================================================
2026-06-04 20:48:35,874 - INFO - Checking Git configuration...
2026-06-04 20:48:35,912 - INFO - Git version: git version 2.47.0.windows.2
2026-06-04 20:48:35,958 - INFO - Git repository detected
2026-06-04 20:48:36,004 - INFO - Git remote:
origin	https://github.com/ollieadams23/arduino_voltage_monitor.git (fetch)
origin	https://github.com/ollieadams23/arduino_voltage_monitor.git (push)
2026-06-04 20:48:36,004 - INFO - Watching for changes: C:\Users\Ollie\Documents\projects\voltage monitor\data\latest.json
2026-06-04 20:48:36,005 - INFO - Debounce time: 10 seconds
2026-06-04 20:48:36,005 - INFO - Log file: C:\Users\Ollie\Documents\projects\voltage monitor\data\git_sync.log
2026-06-04 20:48:36,005 - INFO - Press Ctrl+C to stop
2026-06-04 20:48:36,006 - INFO - ============================================================
2026-06-04 20:48:39,003 - INFO - Detected change to latest.json
2026-06-04 20:48:39,008 - INFO - Detected change to latest.json
2026-06-04 20:48:39,010 - INFO - Starting Git sync...
2026-06-04 20:48:39,198 - INFO - Staged data\latest.json
2026-06-04 20:48:39,831 - INFO - Committed: Update voltage data: 3.824V at 2026-06-04 20:48:39
2026-06-04 20:48:43,566 - INFO - Pushed to remote repository
2026-06-04 20:49:04,321 - INFO - Detected change to latest.json
2026-06-04 20:49:04,328 - INFO - Detected change to latest.json
2026-06-04 20:49:04,596 - INFO - Starting Git sync...
2026-06-04 20:49:04,750 - INFO - Staged data\latest.json
2026-06-04 20:49:04,919 - INFO - Committed: Update voltage data: 3.824V at 2026-06-04 20:49:04
2026-06-04 20:49:08,584 - INFO - Pushed to remote repository
2026-06-04 20:49:40,537 - INFO - 
Shutting down Git sync...
2026-06-04 20:49:40,537 - INFO - Git sync stopped
2026-06-04 20:49:44,115 - INFO - ============================================================
2026-06-04 20:49:44,115 - INFO - ESP32 Voltage Monitor - Git Auto-Sync Starting
2026-06-04 20:49:44,116 - INFO - ============================================================
2026-06-04 20:49:44,116 - INFO - Checking Git configuration...
2026-06-04 20:49:44,166 - INFO - Git version: git version 2.47.0.windows.2
2026-06-04 20:49:44,280 - INFO - Git repository detected
2026-06-04 20:49:44,409 - INFO - Git remote:
origin	https://github.com/ollieadams23/arduino_voltage_monitor.git (fetch)
origin	https://github.com/ollieadams23/arduino_voltage_monitor.git (push)
2026-06-04 20:49:44,409 - INFO - Watching for changes: C:\Users\Ollie\Documents\projects\voltage monitor\data\latest.json
2026-06-04 20:49:44,409 - INFO - Debounce time: 10 seconds
2026-06-04 20:49:44,410 - INFO - Log file: C:\Users\Ollie\Documents\projects\voltage monitor\data\git_sync.log
2026-06-04 20:49:44,410 - INFO - Press Ctrl+C to stop
2026-06-04 20:49:44,410 - INFO - ============================================================
2026-06-04 20:49:46,817 - INFO - Detected change to latest.json
2026-06-04 20:49:46,826 - INFO - Detected change to latest.json
2026-06-04 20:49:47,413 - INFO - Starting Git sync...
2026-06-04 20:49:48,000 - INFO - Staged data\latest.json
2026-06-04 20:49:48,501 - INFO - Committed: Update voltage data: 3.799V at 2026-06-04 20:49:47
2026-06-04 20:49:51,792 - INFO - Pushed to remote repository
2026-06-04 20:49:51,792 - INFO - Sync complete - Voltage: 3.799V
2026-06-04 20:50:04,260 - INFO - Detected change to latest.json
2026-06-04 20:50:04,268 - INFO - Detected change to latest.json
2026-06-04 20:50:04,800 - INFO - Starting Git sync...
2026-06-04 20:50:04,925 - INFO - Staged data\latest.json
2026-06-04 20:50:05,085 - INFO - Committed: Update voltage data: 3.799V at 2026-06-04 20:50:04
2026-06-04 20:50:08,240 - INFO - Pushed to remote repository
2026-06-04 20:50:08,240 - INFO - Sync complete - Voltage: 3.799V
2026-06-04 20:50:44,064 - INFO - 
Shutting down Git sync...
2026-06-04 20:50:44,064 - INFO - Git sync stopped
2026-06-04 21:47:44,914 - INFO - ============================================================
2026-06-04 21:47:44,914 - INFO - ESP32 Voltage Monitor - Git Auto-Sync Starting
2026-06-04 21:47:44,915 - INFO - ============================================================
2026-06-04 21:47:44,915 - INFO - Checking Git configuration...
2026-06-04 21:47:44,959 - INFO - Git version: git version 2.47.0.windows.2
2026-06-04 21:47:45,015 - INFO - Git repository detected
2026-06-04 21:47:45,073 - INFO - Git remote:
origin	https://github.com/ollieadams23/arduino_voltage_monitor.git (fetch)
origin	https://github.com/ollieadams23/arduino_voltage_monitor.git (push)
2026-06-04 21:47:45,073 - INFO - Watching for changes: C:\Users\Ollie\Documents\projects\voltage monitor\data\latest.json
2026-06-04 21:47:45,074 - INFO - Debounce time: 10 seconds
2026-06-04 21:47:45,074 - INFO - Log file: C:\Users\Ollie\Documents\projects\voltage monitor\data\git_sync.log
2026-06-04 21:47:45,074 - INFO - Press Ctrl+C to stop
2026-06-04 21:47:45,074 - INFO - ============================================================
2026-06-04 21:47:59,271 - INFO - Detected change to latest.json
2026-06-04 21:47:59,277 - INFO - Detected change to latest.json
2026-06-04 21:47:59,278 - INFO - Detected change to latest.json
2026-06-04 21:48:00,088 - INFO - Starting Git sync...
2026-06-04 21:48:00,255 - INFO - Staged data\latest.json
2026-06-04 21:48:00,585 - INFO - Committed: Update voltage data: 13.074V at 2026-06-04 21:48:00
2026-06-04 21:48:04,074 - INFO - Pushed to remote repository
2026-06-04 21:48:04,074 - INFO - Sync complete - Voltage: 13.074V
2026-06-04 21:51:16,693 - INFO - 
Shutting down Git sync...
2026-06-04 21:51:16,694 - INFO - Git sync stopped
2026-06-04 22:16:38,908 - INFO - ============================================================
2026-06-04 22:16:38,908 - INFO - ESP32 Voltage Monitor - Git Auto-Sync Starting
2026-06-04 22:16:38,908 - INFO - ============================================================
2026-06-04 22:16:38,908 - INFO - Checking Git configuration...
2026-06-04 22:16:38,951 - INFO - Git version: git version 2.47.0.windows.2
2026-06-04 22:16:38,996 - INFO - Git repository detected
2026-06-04 22:16:39,045 - INFO - Git remote:
origin	https://github.com/ollieadams23/arduino_voltage_monitor.git (fetch)
origin	https://github.com/ollieadams23/arduino_voltage_monitor.git (push)
2026-06-04 22:16:39,046 - INFO - Watching for changes: C:\Users\Ollie\Documents\projects\voltage monitor\data\latest.json
2026-06-04 22:16:39,046 - INFO - Debounce time: 10 seconds
2026-06-04 22:16:39,046 - INFO - Log file: C:\Users\Ollie\Documents\projects\voltage monitor\data\git_sync.log
2026-06-04 22:16:39,046 - INFO - Press Ctrl+C to stop
2026-06-04 22:16:39,046 - INFO - ============================================================
2026-06-04 22:17:09,161 - INFO - Detected change to latest.json
2026-06-04 22:17:09,167 - INFO - Detected change to latest.json
2026-06-04 22:17:10,121 - INFO - Starting Git sync...
2026-06-04 22:17:10,261 - INFO - Staged data\latest.json
2026-06-04 22:17:10,403 - INFO - Committed: Update voltage data: 13.19V at 2026-06-04 22:17:10
2026-06-04 22:17:13,806 - INFO - Pushed to remote repository
2026-06-04 22:17:13,807 - INFO - Sync complete - Voltage: 13.19V
2026-06-04 22:22:09,149 - INFO - Detected change to latest.json
2026-06-04 22:22:09,153 - INFO - Detected change to latest.json
2026-06-04 22:22:09,154 - INFO - Detected change to latest.json
2026-06-04 22:22:09,237 - INFO - Starting Git sync...
2026-06-04 22:22:09,444 - INFO - Staged data\latest.json
2026-06-04 22:22:09,573 - INFO - Committed: Update voltage data: 13.183V at 2026-06-04 22:22:09
2026-06-04 22:22:12,506 - INFO - Pushed to remote repository
2026-06-04 22:22:12,506 - INFO - Sync complete - Voltage: 13.183V
2026-06-04 22:27:09,163 - INFO - Detected change to latest.json
2026-06-04 22:27:09,167 - INFO - Detected change to latest.json
2026-06-04 22:27:09,168 - INFO - Detected change to latest.json
2026-06-04 22:27:09,171 - INFO - Detected change to latest.json
2026-06-04 22:27:09,658 - INFO - Starting Git sync...
2026-06-04 22:27:09,875 - INFO - Staged data\latest.json
2026-06-04 22:27:10,060 - INFO - Committed: Update voltage data: 13.186V at 2026-06-04 22:27:09
2026-06-04 22:27:13,278 - INFO - Pushed to remote repository
2026-06-04 22:27:13,278 - INFO - Sync complete - Voltage: 13.186V
2026-06-04 22:32:09,120 - INFO - Detected change to latest.json
2026-06-04 22:32:09,125 - INFO - Detected change to latest.json
2026-06-04 22:32:09,126 - INFO - Detected change to latest.json
2026-06-04 22:32:09,128 - INFO - Detected change to latest.json
2026-06-04 22:32:09,433 - INFO - Starting Git sync...
2026-06-04 22:32:09,584 - INFO - Staged data\latest.json
2026-06-04 22:32:09,730 - INFO - Committed: Update voltage data: 13.172V at 2026-06-04 22:32:09
2026-06-04 22:32:12,648 - INFO - Pushed to remote repository
2026-06-04 22:32:12,648 - INFO - Sync complete - Voltage: 13.172V
2026-06-04 22:37:09,091 - INFO - Detected change to latest.json
2026-06-04 22:37:09,095 - INFO - Detected change to latest.json
2026-06-04 22:37:09,096 - INFO - Detected change to latest.json
2026-06-04 22:37:09,098 - INFO - Detected change to latest.json
2026-06-04 22:37:09,810 - INFO - Starting Git sync...
2026-06-04 22:37:09,988 - INFO - Staged data\latest.json
2026-06-04 22:37:10,147 - INFO - Committed: Update voltage data: 13.151V at 2026-06-04 22:37:09
2026-06-04 22:37:13,010 - INFO - Pushed to remote repository
2026-06-04 22:37:13,010 - INFO - Sync complete - Voltage: 13.151V
